2024-10-19 17:59:53,643 - root - INFO - Namespace(dataset='movie', topks=[20, 100], train_file='train.txt', test_file='test.txt', train_batch=2048, test_batch=100, layers=2, dim=256, lr=0.0004, weight=0.0001, tensorboard=True, epoch=150, seed=2021, model='gcn', norm_a=1.0, neg_ratio=1, eps=1e-20, vae=True, epoch2=10, lr2=0.001, hidden_dim=[1024, 512], latent_dim=256, sc_var=0.02)
2024-10-19 18:00:03,921 - root - INFO - CVAE EPOCH[1/10] Avg loss:  0.729977 | Avg recon loss:  0.723282 | Avg kld loss:  0.006695 
2024-10-19 18:00:13,184 - root - INFO - CVAE EPOCH[2/10] Avg loss:  0.707680 | Avg recon loss:  0.707648 | Avg kld loss:  0.000032 
2024-10-19 18:00:21,281 - root - INFO - CVAE EPOCH[3/10] Avg loss:  0.703122 | Avg recon loss:  0.703110 | Avg kld loss:  0.000012 
2024-10-19 18:00:29,601 - root - INFO - CVAE EPOCH[4/10] Avg loss:  0.700145 | Avg recon loss:  0.700139 | Avg kld loss:  0.000007 
2024-10-19 18:00:38,241 - root - INFO - CVAE EPOCH[5/10] Avg loss:  0.698071 | Avg recon loss:  0.698066 | Avg kld loss:  0.000004 
2024-10-19 18:00:46,592 - root - INFO - CVAE EPOCH[6/10] Avg loss:  0.696851 | Avg recon loss:  0.696847 | Avg kld loss:  0.000004 
2024-10-19 18:00:54,844 - root - INFO - CVAE EPOCH[7/10] Avg loss:  0.695902 | Avg recon loss:  0.695897 | Avg kld loss:  0.000005 
2024-10-19 18:01:02,985 - root - INFO - CVAE EPOCH[8/10] Avg loss:  0.695139 | Avg recon loss:  0.695132 | Avg kld loss:  0.000006 
2024-10-19 18:01:11,036 - root - INFO - CVAE EPOCH[9/10] Avg loss:  0.694551 | Avg recon loss:  0.694545 | Avg kld loss:  0.000006 
2024-10-19 18:01:19,501 - root - INFO - CVAE EPOCH[10/10] Avg loss:  0.694122 | Avg recon loss:  0.694118 | Avg kld loss:  0.000004 
2024-10-19 18:01:33,577 - root - INFO - [testing at epoch-0]
2024-10-19 18:01:33,577 - root - INFO - {'precision': array([0.15950331, 0.09052649]), 'recall': array([0.11499821, 0.30172944]), 'ndcg': array([0.28181121, 0.47786404]), 'auc': array([0.])}
2024-10-19 18:01:33,578 - root - INFO - EPOCH[1/150] all_loss: 0.403 | time cost---Sampling: 0.09s--| 
2024-10-19 18:01:33,579 - root - INFO - Summary at recall = 0.11499820685206064
2024-10-19 18:01:41,282 - root - INFO - [testing at epoch-1]
2024-10-19 18:01:41,282 - root - INFO - {'precision': array([0.17890728, 0.10302815]), 'recall': array([0.12546385, 0.3353866 ]), 'ndcg': array([0.30248988, 0.50523539]), 'auc': array([0.])}
2024-10-19 18:01:41,283 - root - INFO - EPOCH[2/150] all_loss: 0.333 | time cost---Sampling: 0.15s--| 
2024-10-19 18:01:41,283 - root - INFO - Summary at recall = 0.12546385172197316
2024-10-19 18:01:49,005 - root - INFO - [testing at epoch-2]
2024-10-19 18:01:49,005 - root - INFO - {'precision': array([0.19543046, 0.11111755]), 'recall': array([0.13704675, 0.3626867 ]), 'ndcg': array([0.3262453 , 0.53249981]), 'auc': array([0.])}
2024-10-19 18:01:49,006 - root - INFO - EPOCH[3/150] all_loss: 0.289 | time cost---Sampling: 0.15s--| 
2024-10-19 18:01:49,006 - root - INFO - Summary at recall = 0.13704674662130428
2024-10-19 18:01:56,734 - root - INFO - [testing at epoch-3]
2024-10-19 18:01:56,734 - root - INFO - {'precision': array([0.20411424, 0.11522682]), 'recall': array([0.14631653, 0.38424866]), 'ndcg': array([0.3377325 , 0.54626244]), 'auc': array([0.])}
2024-10-19 18:01:56,735 - root - INFO - EPOCH[4/150] all_loss: 0.261 | time cost---Sampling: 0.14s--| 
2024-10-19 18:01:56,735 - root - INFO - Summary at recall = 0.1463165289451583
2024-10-19 18:02:04,458 - root - INFO - [testing at epoch-4]
2024-10-19 18:02:04,458 - root - INFO - {'precision': array([0.21091887, 0.11873841]), 'recall': array([0.15455628, 0.40153218]), 'ndcg': array([0.34513657, 0.55548112]), 'auc': array([0.])}
2024-10-19 18:02:04,459 - root - INFO - EPOCH[5/150] all_loss: 0.245 | time cost---Sampling: 0.15s--| 
2024-10-19 18:02:04,459 - root - INFO - Summary at recall = 0.15455627712266753
2024-10-19 18:02:12,181 - root - INFO - [testing at epoch-5]
2024-10-19 18:02:12,181 - root - INFO - {'precision': array([0.21735099, 0.12152483]), 'recall': array([0.16103583, 0.41318696]), 'ndcg': array([0.3527313 , 0.56301672]), 'auc': array([0.])}
2024-10-19 18:02:12,182 - root - INFO - EPOCH[6/150] all_loss: 0.233 | time cost---Sampling: 0.15s--| 
2024-10-19 18:02:12,183 - root - INFO - Summary at recall = 0.16103582667237643
2024-10-19 18:02:19,887 - root - INFO - [testing at epoch-6]
2024-10-19 18:02:19,887 - root - INFO - {'precision': array([0.22464404, 0.12463245]), 'recall': array([0.16659679, 0.42454003]), 'ndcg': array([0.36031669, 0.57050761]), 'auc': array([0.])}
2024-10-19 18:02:19,888 - root - INFO - EPOCH[7/150] all_loss: 0.224 | time cost---Sampling: 0.15s--| 
2024-10-19 18:02:19,888 - root - INFO - Summary at recall = 0.16659678612097242
2024-10-19 18:02:27,607 - root - INFO - [testing at epoch-7]
2024-10-19 18:02:27,607 - root - INFO - {'precision': array([0.22956954, 0.12688907]), 'recall': array([0.17244214, 0.43539992]), 'ndcg': array([0.36634476, 0.57709975]), 'auc': array([0.])}
2024-10-19 18:02:27,608 - root - INFO - EPOCH[8/150] all_loss: 0.215 | time cost---Sampling: 0.15s--| 
2024-10-19 18:02:27,608 - root - INFO - Summary at recall = 0.17244213701700245
2024-10-19 18:02:35,492 - root - INFO - [testing at epoch-8]
2024-10-19 18:02:35,492 - root - INFO - {'precision': array([0.23514073, 0.12863576]), 'recall': array([0.17775683, 0.44348535]), 'ndcg': array([0.37247676, 0.58225287]), 'auc': array([0.])}
2024-10-19 18:02:35,493 - root - INFO - EPOCH[9/150] all_loss: 0.208 | time cost---Sampling: 0.14s--| 
2024-10-19 18:02:35,493 - root - INFO - Summary at recall = 0.17775682746669014
2024-10-19 18:02:43,427 - root - INFO - [testing at epoch-9]
2024-10-19 18:02:43,427 - root - INFO - {'precision': array([0.23985927, 0.13065563]), 'recall': array([0.18171781, 0.44958886]), 'ndcg': array([0.37750637, 0.58649227]), 'auc': array([0.])}
2024-10-19 18:02:43,428 - root - INFO - EPOCH[10/150] all_loss: 0.202 | time cost---Sampling: 0.14s--| 
2024-10-19 18:02:43,428 - root - INFO - Summary at recall = 0.18171781028507453
2024-10-19 18:02:51,321 - root - INFO - [testing at epoch-10]
2024-10-19 18:02:51,321 - root - INFO - {'precision': array([0.24378311, 0.13228974]), 'recall': array([0.1855207 , 0.45676974]), 'ndcg': array([0.38226462, 0.59142958]), 'auc': array([0.])}
2024-10-19 18:02:51,322 - root - INFO - EPOCH[11/150] all_loss: 0.197 | time cost---Sampling: 0.16s--| 
2024-10-19 18:02:51,322 - root - INFO - Summary at recall = 0.18552069627374773
2024-10-19 18:02:59,245 - root - INFO - [testing at epoch-11]
2024-10-19 18:02:59,245 - root - INFO - {'precision': array([0.2467798 , 0.13322682]), 'recall': array([0.18921565, 0.46210327]), 'ndcg': array([0.38622488, 0.5951605 ]), 'auc': array([0.])}
2024-10-19 18:02:59,246 - root - INFO - EPOCH[12/150] all_loss: 0.192 | time cost---Sampling: 0.15s--| 
2024-10-19 18:02:59,246 - root - INFO - Summary at recall = 0.1892156456645728
2024-10-19 18:03:07,144 - root - INFO - [testing at epoch-12]
2024-10-19 18:03:07,144 - root - INFO - {'precision': array([0.25112583, 0.13485927]), 'recall': array([0.1936387 , 0.46793698]), 'ndcg': array([0.39149392, 0.59910344]), 'auc': array([0.])}
2024-10-19 18:03:07,145 - root - INFO - EPOCH[13/150] all_loss: 0.188 | time cost---Sampling: 0.16s--| 
2024-10-19 18:03:07,145 - root - INFO - Summary at recall = 0.19363869858004631
2024-10-19 18:03:14,856 - root - INFO - [testing at epoch-13]
2024-10-19 18:03:14,856 - root - INFO - {'precision': array([0.25573675, 0.13661921]), 'recall': array([0.19713484, 0.47318504]), 'ndcg': array([0.39639134, 0.60246322]), 'auc': array([0.])}
2024-10-19 18:03:14,857 - root - INFO - EPOCH[14/150] all_loss: 0.182 | time cost---Sampling: 0.14s--| 
2024-10-19 18:03:14,858 - root - INFO - Summary at recall = 0.19713483516018765
2024-10-19 18:03:22,574 - root - INFO - [testing at epoch-14]
2024-10-19 18:03:22,574 - root - INFO - {'precision': array([0.25683775, 0.13742881]), 'recall': array([0.19955019, 0.47768626]), 'ndcg': array([0.39833462, 0.60519002]), 'auc': array([0.])}
2024-10-19 18:03:22,575 - root - INFO - EPOCH[15/150] all_loss: 0.179 | time cost---Sampling: 0.15s--| 
2024-10-19 18:03:22,575 - root - INFO - Summary at recall = 0.19955018824424078
2024-10-19 18:03:30,435 - root - INFO - [testing at epoch-15]
2024-10-19 18:03:30,435 - root - INFO - {'precision': array([0.26000828, 0.13830298]), 'recall': array([0.20216371, 0.48122121]), 'ndcg': array([0.4021549 , 0.60791511]), 'auc': array([0.])}
2024-10-19 18:03:30,436 - root - INFO - EPOCH[16/150] all_loss: 0.176 | time cost---Sampling: 0.14s--| 
2024-10-19 18:03:30,436 - root - INFO - Summary at recall = 0.20216370718254761
2024-10-19 18:03:38,328 - root - INFO - [testing at epoch-16]
2024-10-19 18:03:38,328 - root - INFO - {'precision': array([0.26237583, 0.13927483]), 'recall': array([0.20546287, 0.48608403]), 'ndcg': array([0.40483478, 0.61052661]), 'auc': array([0.])}
2024-10-19 18:03:38,329 - root - INFO - EPOCH[17/150] all_loss: 0.173 | time cost---Sampling: 0.14s--| 
2024-10-19 18:03:38,329 - root - INFO - Summary at recall = 0.20546287154412674
2024-10-19 18:03:46,208 - root - INFO - [testing at epoch-17]
2024-10-19 18:03:46,208 - root - INFO - {'precision': array([0.26509934, 0.14028642]), 'recall': array([0.20805934, 0.49084367]), 'ndcg': array([0.40790075, 0.61338681]), 'auc': array([0.])}
2024-10-19 18:03:46,209 - root - INFO - EPOCH[18/150] all_loss: 0.170 | time cost---Sampling: 0.16s--| 
2024-10-19 18:03:46,209 - root - INFO - Summary at recall = 0.20805933765511822
2024-10-19 18:03:54,088 - root - INFO - [testing at epoch-18]
2024-10-19 18:03:54,089 - root - INFO - {'precision': array([0.26673013, 0.14104967]), 'recall': array([0.21049212, 0.4949509 ]), 'ndcg': array([0.41044352, 0.61593252]), 'auc': array([0.])}
2024-10-19 18:03:54,090 - root - INFO - EPOCH[19/150] all_loss: 0.167 | time cost---Sampling: 0.16s--| 
2024-10-19 18:03:54,090 - root - INFO - Summary at recall = 0.21049211579593805
2024-10-19 18:04:01,292 - root - INFO - [testing at epoch-19]
2024-10-19 18:04:01,292 - root - INFO - {'precision': array([0.26864238, 0.14192715]), 'recall': array([0.21222015, 0.49737404]), 'ndcg': array([0.41278793, 0.61790909]), 'auc': array([0.])}
2024-10-19 18:04:01,293 - root - INFO - EPOCH[20/150] all_loss: 0.164 | time cost---Sampling: 0.15s--| 
2024-10-19 18:04:01,293 - root - INFO - Summary at recall = 0.21222015437949157
2024-10-19 18:04:08,926 - root - INFO - [testing at epoch-20]
2024-10-19 18:04:08,926 - root - INFO - {'precision': array([0.27010762, 0.14237583]), 'recall': array([0.21454355, 0.50041247]), 'ndcg': array([0.41470552, 0.6195237 ]), 'auc': array([0.])}
2024-10-19 18:04:08,927 - root - INFO - EPOCH[21/150] all_loss: 0.161 | time cost---Sampling: 0.11s--| 
2024-10-19 18:04:08,927 - root - INFO - Summary at recall = 0.2145435494069187
2024-10-19 18:04:16,487 - root - INFO - [testing at epoch-21]
2024-10-19 18:04:16,488 - root - INFO - {'precision': array([0.27179636, 0.14322185]), 'recall': array([0.21689507, 0.50391928]), 'ndcg': array([0.4167399 , 0.62167691]), 'auc': array([0.])}
2024-10-19 18:04:16,488 - root - INFO - EPOCH[22/150] all_loss: 0.159 | time cost---Sampling: 0.15s--| 
2024-10-19 18:04:16,489 - root - INFO - Summary at recall = 0.21689506897147556
2024-10-19 18:04:23,883 - root - INFO - [testing at epoch-22]
2024-10-19 18:04:23,883 - root - INFO - {'precision': array([0.27368377, 0.14420364]), 'recall': array([0.21840879, 0.50707899]), 'ndcg': array([0.41863607, 0.62340427]), 'auc': array([0.])}
2024-10-19 18:04:23,884 - root - INFO - EPOCH[23/150] all_loss: 0.157 | time cost---Sampling: 0.15s--| 
2024-10-19 18:04:23,884 - root - INFO - Summary at recall = 0.21840879310348849
2024-10-19 18:04:31,153 - root - INFO - [testing at epoch-23]
2024-10-19 18:04:31,153 - root - INFO - {'precision': array([0.27471854, 0.1446606 ]), 'recall': array([0.21992869, 0.51022017]), 'ndcg': array([0.41970896, 0.62472379]), 'auc': array([0.])}
2024-10-19 18:04:31,154 - root - INFO - EPOCH[24/150] all_loss: 0.154 | time cost---Sampling: 0.14s--| 
2024-10-19 18:04:31,154 - root - INFO - Summary at recall = 0.21992868990812736
2024-10-19 18:04:38,718 - root - INFO - [testing at epoch-24]
2024-10-19 18:04:38,719 - root - INFO - {'precision': array([0.27648179, 0.14531457]), 'recall': array([0.22118766, 0.5127169 ]), 'ndcg': array([0.42171048, 0.6263504 ]), 'auc': array([0.])}
2024-10-19 18:04:38,719 - root - INFO - EPOCH[25/150] all_loss: 0.152 | time cost---Sampling: 0.16s--| 
2024-10-19 18:04:38,720 - root - INFO - Summary at recall = 0.22118766460232278
2024-10-19 18:04:45,793 - root - INFO - [testing at epoch-25]
2024-10-19 18:04:45,793 - root - INFO - {'precision': array([0.27781457, 0.14576987]), 'recall': array([0.22295165, 0.51450935]), 'ndcg': array([0.42369941, 0.62796389]), 'auc': array([0.])}
2024-10-19 18:04:45,794 - root - INFO - EPOCH[26/150] all_loss: 0.149 | time cost---Sampling: 0.15s--| 
2024-10-19 18:04:45,794 - root - INFO - Summary at recall = 0.22295165453047955
2024-10-19 18:04:53,608 - root - INFO - [testing at epoch-26]
2024-10-19 18:04:53,609 - root - INFO - {'precision': array([0.27763245, 0.14596689]), 'recall': array([0.22398953, 0.51688477]), 'ndcg': array([0.42334704, 0.62852346]), 'auc': array([0.])}
2024-10-19 18:04:53,610 - root - INFO - EPOCH[27/150] all_loss: 0.149 | time cost---Sampling: 0.10s--| 
2024-10-19 18:04:53,610 - root - INFO - Summary at recall = 0.223989531587891
2024-10-19 18:05:01,395 - root - INFO - [testing at epoch-27]
2024-10-19 18:05:01,396 - root - INFO - {'precision': array([0.27903974, 0.14660265]), 'recall': array([0.22458444, 0.5184356 ]), 'ndcg': array([0.42483773, 0.62989671]), 'auc': array([0.])}
2024-10-19 18:05:01,397 - root - INFO - EPOCH[28/150] all_loss: 0.147 | time cost---Sampling: 0.14s--| 
2024-10-19 18:05:01,397 - root - INFO - Summary at recall = 0.2245844352982809
2024-10-19 18:05:08,973 - root - INFO - [testing at epoch-28]
2024-10-19 18:05:08,974 - root - INFO - {'precision': array([0.27918874, 0.14699172]), 'recall': array([0.22561209, 0.52074845]), 'ndcg': array([0.42529507, 0.63082944]), 'auc': array([0.])}
2024-10-19 18:05:08,974 - root - INFO - EPOCH[29/150] all_loss: 0.144 | time cost---Sampling: 0.15s--| 
2024-10-19 18:05:08,975 - root - INFO - Summary at recall = 0.22561209116122966
2024-10-19 18:05:16,619 - root - INFO - [testing at epoch-29]
2024-10-19 18:05:16,619 - root - INFO - {'precision': array([0.28067881, 0.14741391]), 'recall': array([0.22652152, 0.52175476]), 'ndcg': array([0.42676705, 0.6315617 ]), 'auc': array([0.])}
2024-10-19 18:05:16,620 - root - INFO - EPOCH[30/150] all_loss: 0.142 | time cost---Sampling: 0.15s--| 
2024-10-19 18:05:16,620 - root - INFO - Summary at recall = 0.22652152372482254
2024-10-19 18:05:24,318 - root - INFO - [testing at epoch-30]
2024-10-19 18:05:24,319 - root - INFO - {'precision': array([0.28211921, 0.1480149 ]), 'recall': array([0.22796495, 0.52374425]), 'ndcg': array([0.42909653, 0.63338548]), 'auc': array([0.])}
2024-10-19 18:05:24,319 - root - INFO - EPOCH[31/150] all_loss: 0.141 | time cost---Sampling: 0.15s--| 
2024-10-19 18:05:24,320 - root - INFO - Summary at recall = 0.22796494726937683
2024-10-19 18:05:32,018 - root - INFO - [testing at epoch-31]
2024-10-19 18:05:32,018 - root - INFO - {'precision': array([0.2815894 , 0.14786921]), 'recall': array([0.2286429 , 0.52452671]), 'ndcg': array([0.42859448, 0.63367005]), 'auc': array([0.])}
2024-10-19 18:05:32,019 - root - INFO - EPOCH[32/150] all_loss: 0.139 | time cost---Sampling: 0.15s--| 
2024-10-19 18:05:32,019 - root - INFO - Summary at recall = 0.22864290163907922
2024-10-19 18:05:39,783 - root - INFO - [testing at epoch-32]
2024-10-19 18:05:39,783 - root - INFO - {'precision': array([0.28339404, 0.14879801]), 'recall': array([0.23003517, 0.52663806]), 'ndcg': array([0.43057551, 0.63494445]), 'auc': array([0.])}
2024-10-19 18:05:39,784 - root - INFO - EPOCH[33/150] all_loss: 0.137 | time cost---Sampling: 0.15s--| 
2024-10-19 18:05:39,784 - root - INFO - Summary at recall = 0.23003516783219619
2024-10-19 18:05:47,646 - root - INFO - [testing at epoch-33]
2024-10-19 18:05:47,646 - root - INFO - {'precision': array([0.28457781, 0.14921689]), 'recall': array([0.23105396, 0.52854641]), 'ndcg': array([0.43196152, 0.63615042]), 'auc': array([0.])}
2024-10-19 18:05:47,647 - root - INFO - EPOCH[34/150] all_loss: 0.136 | time cost---Sampling: 0.15s--| 
2024-10-19 18:05:47,647 - root - INFO - Summary at recall = 0.2310539596298275
2024-10-19 18:05:55,418 - root - INFO - [testing at epoch-34]
2024-10-19 18:05:55,418 - root - INFO - {'precision': array([0.28508278, 0.14929801]), 'recall': array([0.23191447, 0.52990961]), 'ndcg': array([0.43250157, 0.63669515]), 'auc': array([0.])}
2024-10-19 18:05:55,419 - root - INFO - EPOCH[35/150] all_loss: 0.135 | time cost---Sampling: 0.15s--| 
2024-10-19 18:05:55,419 - root - INFO - Summary at recall = 0.23191446596070955
2024-10-19 18:06:03,077 - root - INFO - [testing at epoch-35]
2024-10-19 18:06:03,077 - root - INFO - {'precision': array([0.28531457, 0.14939901]), 'recall': array([0.2325079 , 0.53064406]), 'ndcg': array([0.43330238, 0.6376225 ]), 'auc': array([0.])}
2024-10-19 18:06:03,078 - root - INFO - EPOCH[36/150] all_loss: 0.132 | time cost---Sampling: 0.14s--| 
2024-10-19 18:06:03,078 - root - INFO - Summary at recall = 0.23250789903343197
2024-10-19 18:06:10,269 - root - INFO - [testing at epoch-36]
2024-10-19 18:06:10,269 - root - INFO - {'precision': array([0.28620861, 0.15001159]), 'recall': array([0.23310141, 0.53227704]), 'ndcg': array([0.43422954, 0.63858765]), 'auc': array([0.])}
2024-10-19 18:06:10,270 - root - INFO - EPOCH[37/150] all_loss: 0.131 | time cost---Sampling: 0.14s--| 
2024-10-19 18:06:10,270 - root - INFO - Summary at recall = 0.2331014092400348
2024-10-19 18:06:18,223 - root - INFO - [testing at epoch-37]
2024-10-19 18:06:18,223 - root - INFO - {'precision': array([0.2864404 , 0.15000662]), 'recall': array([0.23404238, 0.53344466]), 'ndcg': array([0.43501587, 0.63939315]), 'auc': array([0.])}
2024-10-19 18:06:18,224 - root - INFO - EPOCH[38/150] all_loss: 0.130 | time cost---Sampling: 0.16s--| 
2024-10-19 18:06:18,224 - root - INFO - Summary at recall = 0.23404237964441224
2024-10-19 18:06:25,824 - root - INFO - [testing at epoch-38]
2024-10-19 18:06:25,825 - root - INFO - {'precision': array([0.28638245, 0.14993709]), 'recall': array([0.23482813, 0.53431788]), 'ndcg': array([0.43514984, 0.63975624]), 'auc': array([0.])}
2024-10-19 18:06:25,826 - root - INFO - EPOCH[39/150] all_loss: 0.129 | time cost---Sampling: 0.15s--| 
2024-10-19 18:06:25,826 - root - INFO - Summary at recall = 0.23482812679071643
2024-10-19 18:06:33,358 - root - INFO - [testing at epoch-39]
2024-10-19 18:06:33,358 - root - INFO - {'precision': array([0.28805464, 0.15076325]), 'recall': array([0.23617331, 0.53567632]), 'ndcg': array([0.4371377 , 0.64098354]), 'auc': array([0.])}
2024-10-19 18:06:33,359 - root - INFO - EPOCH[40/150] all_loss: 0.128 | time cost---Sampling: 0.15s--| 
2024-10-19 18:06:33,359 - root - INFO - Summary at recall = 0.23617330923101
2024-10-19 18:06:40,996 - root - INFO - [testing at epoch-40]
2024-10-19 18:06:40,996 - root - INFO - {'precision': array([0.28798841, 0.15075993]), 'recall': array([0.23651778, 0.5368379 ]), 'ndcg': array([0.43709162, 0.64111531]), 'auc': array([0.])}
2024-10-19 18:06:40,997 - root - INFO - EPOCH[41/150] all_loss: 0.126 | time cost---Sampling: 0.15s--| 
2024-10-19 18:06:40,997 - root - INFO - Summary at recall = 0.23651777768541868
2024-10-19 18:06:48,924 - root - INFO - [testing at epoch-41]
2024-10-19 18:06:48,924 - root - INFO - {'precision': array([0.28892384, 0.15131457]), 'recall': array([0.23736873, 0.53752983]), 'ndcg': array([0.43869806, 0.64234372]), 'auc': array([0.])}
2024-10-19 18:06:48,925 - root - INFO - EPOCH[42/150] all_loss: 0.125 | time cost---Sampling: 0.14s--| 
2024-10-19 18:06:48,925 - root - INFO - Summary at recall = 0.23736873068095518
2024-10-19 18:06:56,822 - root - INFO - [testing at epoch-42]
2024-10-19 18:06:56,823 - root - INFO - {'precision': array([0.28855132, 0.15134768]), 'recall': array([0.23774293, 0.53885497]), 'ndcg': array([0.4382386 , 0.64253963]), 'auc': array([0.])}
2024-10-19 18:06:56,824 - root - INFO - EPOCH[43/150] all_loss: 0.124 | time cost---Sampling: 0.16s--| 
2024-10-19 18:06:56,824 - root - INFO - Summary at recall = 0.2377429346943453
2024-10-19 18:07:03,836 - root - INFO - [testing at epoch-43]
2024-10-19 18:07:03,836 - root - INFO - {'precision': array([0.2897351 , 0.15194371]), 'recall': array([0.23861085, 0.54037359]), 'ndcg': array([0.43987807, 0.64378536]), 'auc': array([0.])}
2024-10-19 18:07:03,837 - root - INFO - EPOCH[44/150] all_loss: 0.122 | time cost---Sampling: 0.14s--| 
2024-10-19 18:07:03,837 - root - INFO - Summary at recall = 0.2386108456232848
2024-10-19 18:07:10,800 - root - INFO - [testing at epoch-44]
2024-10-19 18:07:10,801 - root - INFO - {'precision': array([0.29044702, 0.15220695]), 'recall': array([0.23940498, 0.54133187]), 'ndcg': array([0.44053813, 0.64424634]), 'auc': array([0.])}
2024-10-19 18:07:10,802 - root - INFO - EPOCH[45/150] all_loss: 0.122 | time cost---Sampling: 0.15s--| 
2024-10-19 18:07:10,802 - root - INFO - Summary at recall = 0.23940497810382133
2024-10-19 18:07:18,470 - root - INFO - [testing at epoch-45]
2024-10-19 18:07:18,470 - root - INFO - {'precision': array([0.2915149, 0.1525447]), 'recall': array([0.24058834, 0.54198184]), 'ndcg': array([0.4424245 , 0.64551576]), 'auc': array([0.])}
2024-10-19 18:07:18,471 - root - INFO - EPOCH[46/150] all_loss: 0.121 | time cost---Sampling: 0.15s--| 
2024-10-19 18:07:18,471 - root - INFO - Summary at recall = 0.24058834228972564
2024-10-19 18:07:26,370 - root - INFO - [testing at epoch-46]
2024-10-19 18:07:26,370 - root - INFO - {'precision': array([0.29154801, 0.15251159]), 'recall': array([0.24169577, 0.5436518 ]), 'ndcg': array([0.44282151, 0.6461864 ]), 'auc': array([0.])}
2024-10-19 18:07:26,371 - root - INFO - EPOCH[47/150] all_loss: 0.118 | time cost---Sampling: 0.14s--| 
2024-10-19 18:07:26,371 - root - INFO - Summary at recall = 0.24169576686593938
2024-10-19 18:07:34,291 - root - INFO - [testing at epoch-47]
2024-10-19 18:07:34,291 - root - INFO - {'precision': array([0.29249172, 0.15287583]), 'recall': array([0.24236967, 0.54442818]), 'ndcg': array([0.44408117, 0.64711685]), 'auc': array([0.])}
2024-10-19 18:07:34,292 - root - INFO - EPOCH[48/150] all_loss: 0.118 | time cost---Sampling: 0.14s--| 
2024-10-19 18:07:34,292 - root - INFO - Summary at recall = 0.24236967429990236
2024-10-19 18:07:42,119 - root - INFO - [testing at epoch-48]
2024-10-19 18:07:42,120 - root - INFO - {'precision': array([0.29249172, 0.15315563]), 'recall': array([0.24244642, 0.545143  ]), 'ndcg': array([0.44424602, 0.64763913]), 'auc': array([0.])}
2024-10-19 18:07:42,120 - root - INFO - EPOCH[49/150] all_loss: 0.117 | time cost---Sampling: 0.15s--| 
2024-10-19 18:07:42,121 - root - INFO - Summary at recall = 0.24244642404599664
2024-10-19 18:07:49,811 - root - INFO - [testing at epoch-49]
2024-10-19 18:07:49,811 - root - INFO - {'precision': array([0.29211921, 0.15247848]), 'recall': array([0.24313195, 0.5456516 ]), 'ndcg': array([0.44459568, 0.64814843]), 'auc': array([0.])}
2024-10-19 18:07:49,812 - root - INFO - EPOCH[50/150] all_loss: 0.115 | time cost---Sampling: 0.14s--| 
2024-10-19 18:07:49,812 - root - INFO - Summary at recall = 0.24313194767269283
2024-10-19 18:07:57,606 - root - INFO - [testing at epoch-50]
2024-10-19 18:07:57,606 - root - INFO - {'precision': array([0.29364238, 0.15329139]), 'recall': array([0.24427637, 0.54725973]), 'ndcg': array([0.44573195, 0.64885093]), 'auc': array([0.])}
2024-10-19 18:07:57,607 - root - INFO - EPOCH[51/150] all_loss: 0.115 | time cost---Sampling: 0.14s--| 
2024-10-19 18:07:57,607 - root - INFO - Summary at recall = 0.24427637046577608
2024-10-19 18:08:05,420 - root - INFO - [testing at epoch-51]
2024-10-19 18:08:05,421 - root - INFO - {'precision': array([0.29340232, 0.15322185]), 'recall': array([0.24464209, 0.54782095]), 'ndcg': array([0.44601612, 0.64924526]), 'auc': array([0.])}
2024-10-19 18:08:05,422 - root - INFO - EPOCH[52/150] all_loss: 0.114 | time cost---Sampling: 0.15s--| 
2024-10-19 18:08:05,422 - root - INFO - Summary at recall = 0.24464209374477042
2024-10-19 18:08:13,286 - root - INFO - [testing at epoch-52]
2024-10-19 18:08:13,286 - root - INFO - {'precision': array([0.29482616, 0.15398675]), 'recall': array([0.24549411, 0.54905023]), 'ndcg': array([0.44733542, 0.65011769]), 'auc': array([0.])}
2024-10-19 18:08:13,287 - root - INFO - EPOCH[53/150] all_loss: 0.113 | time cost---Sampling: 0.16s--| 
2024-10-19 18:08:13,287 - root - INFO - Summary at recall = 0.24549411199913837
2024-10-19 18:08:21,187 - root - INFO - [testing at epoch-53]
2024-10-19 18:08:21,187 - root - INFO - {'precision': array([0.29532285, 0.15405464]), 'recall': array([0.24600562, 0.55034839]), 'ndcg': array([0.44812446, 0.65105133]), 'auc': array([0.])}
2024-10-19 18:08:21,188 - root - INFO - EPOCH[54/150] all_loss: 0.112 | time cost---Sampling: 0.14s--| 
2024-10-19 18:08:21,188 - root - INFO - Summary at recall = 0.24600562225999606
2024-10-19 18:08:29,099 - root - INFO - [testing at epoch-54]
2024-10-19 18:08:29,099 - root - INFO - {'precision': array([0.29451987, 0.15350993]), 'recall': array([0.24661018, 0.549724  ]), 'ndcg': array([0.44805759, 0.65114928]), 'auc': array([0.])}
2024-10-19 18:08:29,100 - root - INFO - EPOCH[55/150] all_loss: 0.111 | time cost---Sampling: 0.14s--| 
2024-10-19 18:08:29,100 - root - INFO - Summary at recall = 0.24661017929555643
2024-10-19 18:08:36,918 - root - INFO - [testing at epoch-55]
2024-10-19 18:08:36,918 - root - INFO - {'precision': array([0.29565397, 0.15408444]), 'recall': array([0.247567  , 0.55111043]), 'ndcg': array([0.44946392, 0.6522086 ]), 'auc': array([0.])}
2024-10-19 18:08:36,919 - root - INFO - EPOCH[56/150] all_loss: 0.110 | time cost---Sampling: 0.14s--| 
2024-10-19 18:08:36,919 - root - INFO - Summary at recall = 0.2475670043612823
2024-10-19 18:08:44,820 - root - INFO - [testing at epoch-56]
2024-10-19 18:08:44,820 - root - INFO - {'precision': array([0.29653974, 0.1547947 ]), 'recall': array([0.24816443, 0.55269155]), 'ndcg': array([0.45010443, 0.65274872]), 'auc': array([0.])}
2024-10-19 18:08:44,821 - root - INFO - EPOCH[57/150] all_loss: 0.109 | time cost---Sampling: 0.14s--| 
2024-10-19 18:08:44,821 - root - INFO - Summary at recall = 0.2481644334920536
2024-10-19 18:08:52,526 - root - INFO - [testing at epoch-57]
2024-10-19 18:08:52,527 - root - INFO - {'precision': array([0.29649834, 0.15468874]), 'recall': array([0.24856183, 0.55307742]), 'ndcg': array([0.45030143, 0.65306098]), 'auc': array([0.])}
2024-10-19 18:08:52,528 - root - INFO - EPOCH[58/150] all_loss: 0.108 | time cost---Sampling: 0.15s--| 
2024-10-19 18:08:52,528 - root - INFO - Summary at recall = 0.24856182704779015
2024-10-19 18:09:00,105 - root - INFO - [testing at epoch-58]
2024-10-19 18:09:00,105 - root - INFO - {'precision': array([0.29716887, 0.1550596 ]), 'recall': array([0.24874813, 0.55399056]), 'ndcg': array([0.45114554, 0.65393747]), 'auc': array([0.])}
2024-10-19 18:09:00,106 - root - INFO - EPOCH[59/150] all_loss: 0.107 | time cost---Sampling: 0.15s--| 
2024-10-19 18:09:00,106 - root - INFO - Summary at recall = 0.24874812933915508
2024-10-19 18:09:07,909 - root - INFO - [testing at epoch-59]
2024-10-19 18:09:07,909 - root - INFO - {'precision': array([0.29649007, 0.15474172]), 'recall': array([0.24897558, 0.55422218]), 'ndcg': array([0.45036117, 0.653602  ]), 'auc': array([0.])}
2024-10-19 18:09:07,910 - root - INFO - EPOCH[60/150] all_loss: 0.106 | time cost---Sampling: 0.15s--| 
2024-10-19 18:09:07,910 - root - INFO - Summary at recall = 0.24897558261323682
2024-10-19 18:09:15,744 - root - INFO - [testing at epoch-60]
2024-10-19 18:09:15,744 - root - INFO - {'precision': array([0.29709437, 0.15492219]), 'recall': array([0.24965034, 0.55506782]), 'ndcg': array([0.451307  , 0.65432691]), 'auc': array([0.])}
2024-10-19 18:09:15,745 - root - INFO - EPOCH[61/150] all_loss: 0.105 | time cost---Sampling: 0.14s--| 
2024-10-19 18:09:15,745 - root - INFO - Summary at recall = 0.24965034465270805
2024-10-19 18:09:23,590 - root - INFO - [testing at epoch-61]
2024-10-19 18:09:23,590 - root - INFO - {'precision': array([0.29892384, 0.15594868]), 'recall': array([0.25059869, 0.55645628]), 'ndcg': array([0.45332782, 0.65553404]), 'auc': array([0.])}
2024-10-19 18:09:23,591 - root - INFO - EPOCH[62/150] all_loss: 0.104 | time cost---Sampling: 0.14s--| 
2024-10-19 18:09:23,591 - root - INFO - Summary at recall = 0.25059869418231123
2024-10-19 18:09:30,558 - root - INFO - [testing at epoch-62]
2024-10-19 18:09:30,558 - root - INFO - {'precision': array([0.29917219, 0.15606457]), 'recall': array([0.25114466, 0.55728056]), 'ndcg': array([0.45368743, 0.65586047]), 'auc': array([0.])}
2024-10-19 18:09:30,559 - root - INFO - EPOCH[63/150] all_loss: 0.103 | time cost---Sampling: 0.15s--| 
2024-10-19 18:09:30,559 - root - INFO - Summary at recall = 0.2511446613631421
2024-10-19 18:09:38,176 - root - INFO - [testing at epoch-63]
2024-10-19 18:09:38,176 - root - INFO - {'precision': array([0.29860099, 0.15589735]), 'recall': array([0.25121359, 0.55780652]), 'ndcg': array([0.45304401, 0.65576158]), 'auc': array([0.])}
2024-10-19 18:09:38,177 - root - INFO - EPOCH[64/150] all_loss: 0.103 | time cost---Sampling: 0.12s--| 
2024-10-19 18:09:38,177 - root - INFO - Summary at recall = 0.25121358946259753
2024-10-19 18:09:46,069 - root - INFO - [testing at epoch-64]
2024-10-19 18:09:46,069 - root - INFO - {'precision': array([0.30014901, 0.15618874]), 'recall': array([0.25262858, 0.55875944]), 'ndcg': array([0.45460028, 0.65642929]), 'auc': array([0.])}
2024-10-19 18:09:46,070 - root - INFO - EPOCH[65/150] all_loss: 0.101 | time cost---Sampling: 0.15s--| 
2024-10-19 18:09:46,070 - root - INFO - Summary at recall = 0.25262857559778035
2024-10-19 18:09:53,955 - root - INFO - [testing at epoch-65]
2024-10-19 18:09:53,956 - root - INFO - {'precision': array([0.29972682, 0.15611755]), 'recall': array([0.25303611, 0.55876579]), 'ndcg': array([0.4545373 , 0.65657997]), 'auc': array([0.])}
2024-10-19 18:09:53,957 - root - INFO - EPOCH[66/150] all_loss: 0.101 | time cost---Sampling: 0.15s--| 
2024-10-19 18:09:53,957 - root - INFO - Summary at recall = 0.25303611393318554
2024-10-19 18:10:01,831 - root - INFO - [testing at epoch-66]
2024-10-19 18:10:01,831 - root - INFO - {'precision': array([0.30023179, 0.15641556]), 'recall': array([0.25292078, 0.55936917]), 'ndcg': array([0.45496717, 0.65709123]), 'auc': array([0.])}
2024-10-19 18:10:01,832 - root - INFO - EPOCH[67/150] all_loss: 0.100 | time cost---Sampling: 0.14s--| 
2024-10-19 18:10:09,646 - root - INFO - [testing at epoch-67]
2024-10-19 18:10:09,646 - root - INFO - {'precision': array([0.30084437, 0.15651987]), 'recall': array([0.25359959, 0.56018624]), 'ndcg': array([0.45554795, 0.65762023]), 'auc': array([0.])}
2024-10-19 18:10:09,647 - root - INFO - EPOCH[68/150] all_loss: 0.099 | time cost---Sampling: 0.14s--| 
2024-10-19 18:10:09,647 - root - INFO - Summary at recall = 0.2535995917847282
2024-10-19 18:10:17,169 - root - INFO - [testing at epoch-68]
2024-10-19 18:10:17,169 - root - INFO - {'precision': array([0.30004967, 0.15646026]), 'recall': array([0.25330588, 0.56062575]), 'ndcg': array([0.4551751 , 0.65792015]), 'auc': array([0.])}
2024-10-19 18:10:17,170 - root - INFO - EPOCH[69/150] all_loss: 0.099 | time cost---Sampling: 0.14s--| 
2024-10-19 18:10:24,934 - root - INFO - [testing at epoch-69]
2024-10-19 18:10:24,935 - root - INFO - {'precision': array([0.3023096 , 0.15722185]), 'recall': array([0.2547799 , 0.56206717]), 'ndcg': array([0.45752051, 0.65900136]), 'auc': array([0.])}
2024-10-19 18:10:24,935 - root - INFO - EPOCH[70/150] all_loss: 0.098 | time cost---Sampling: 0.14s--| 
2024-10-19 18:10:24,936 - root - INFO - Summary at recall = 0.25477989658940015
2024-10-19 18:10:32,621 - root - INFO - [testing at epoch-70]
2024-10-19 18:10:32,621 - root - INFO - {'precision': array([0.3023096 , 0.15721689]), 'recall': array([0.25497389, 0.56242929]), 'ndcg': array([0.45764568, 0.65924858]), 'auc': array([0.])}
2024-10-19 18:10:32,622 - root - INFO - EPOCH[71/150] all_loss: 0.097 | time cost---Sampling: 0.14s--| 
2024-10-19 18:10:32,622 - root - INFO - Summary at recall = 0.25497389290023853
2024-10-19 18:10:40,463 - root - INFO - [testing at epoch-71]
2024-10-19 18:10:40,463 - root - INFO - {'precision': array([0.30248344, 0.15758113]), 'recall': array([0.25492661, 0.5634974 ]), 'ndcg': array([0.45752615, 0.6594843 ]), 'auc': array([0.])}
2024-10-19 18:10:40,464 - root - INFO - EPOCH[72/150] all_loss: 0.096 | time cost---Sampling: 0.15s--| 
2024-10-19 18:10:47,957 - root - INFO - [testing at epoch-72]
2024-10-19 18:10:47,957 - root - INFO - {'precision': array([0.30120033, 0.15697185]), 'recall': array([0.25484755, 0.56317778]), 'ndcg': array([0.45657985, 0.65923994]), 'auc': array([0.])}
2024-10-19 18:10:47,958 - root - INFO - EPOCH[73/150] all_loss: 0.096 | time cost---Sampling: 0.10s--| 
2024-10-19 18:10:55,757 - root - INFO - [testing at epoch-73]
2024-10-19 18:10:55,757 - root - INFO - {'precision': array([0.30312086, 0.15760762]), 'recall': array([0.25592902, 0.56404849]), 'ndcg': array([0.45844881, 0.66003552]), 'auc': array([0.])}
2024-10-19 18:10:55,758 - root - INFO - EPOCH[74/150] all_loss: 0.095 | time cost---Sampling: 0.15s--| 
2024-10-19 18:10:55,758 - root - INFO - Summary at recall = 0.2559290206242427
2024-10-19 18:11:03,639 - root - INFO - [testing at epoch-74]
2024-10-19 18:11:03,639 - root - INFO - {'precision': array([0.30194536, 0.15697848]), 'recall': array([0.25593206, 0.56355035]), 'ndcg': array([0.45737391, 0.65977415]), 'auc': array([0.])}
2024-10-19 18:11:03,640 - root - INFO - EPOCH[75/150] all_loss: 0.094 | time cost---Sampling: 0.14s--| 
2024-10-19 18:11:03,640 - root - INFO - Summary at recall = 0.25593206429809706
2024-10-19 18:11:11,375 - root - INFO - [testing at epoch-75]
2024-10-19 18:11:11,375 - root - INFO - {'precision': array([0.30322848, 0.15772848]), 'recall': array([0.25626515, 0.56455346]), 'ndcg': array([0.45896485, 0.66091922]), 'auc': array([0.])}
2024-10-19 18:11:11,376 - root - INFO - EPOCH[76/150] all_loss: 0.093 | time cost---Sampling: 0.14s--| 
2024-10-19 18:11:11,376 - root - INFO - Summary at recall = 0.2562651508422439
2024-10-19 18:11:19,223 - root - INFO - [testing at epoch-76]
2024-10-19 18:11:19,223 - root - INFO - {'precision': array([0.30372517, 0.1577947 ]), 'recall': array([0.2568467 , 0.56501371]), 'ndcg': array([0.45943133, 0.6611047 ]), 'auc': array([0.])}
2024-10-19 18:11:19,224 - root - INFO - EPOCH[77/150] all_loss: 0.093 | time cost---Sampling: 0.14s--| 
2024-10-19 18:11:19,224 - root - INFO - Summary at recall = 0.25684670015327893
2024-10-19 18:11:26,894 - root - INFO - [testing at epoch-77]
2024-10-19 18:11:26,894 - root - INFO - {'precision': array([0.30455298, 0.15825828]), 'recall': array([0.2577479 , 0.56621841]), 'ndcg': array([0.46080378, 0.66207952]), 'auc': array([0.])}
2024-10-19 18:11:26,895 - root - INFO - EPOCH[78/150] all_loss: 0.092 | time cost---Sampling: 0.16s--| 
2024-10-19 18:11:26,895 - root - INFO - Summary at recall = 0.2577479019780444
2024-10-19 18:11:34,478 - root - INFO - [testing at epoch-78]
2024-10-19 18:11:34,478 - root - INFO - {'precision': array([0.30234272, 0.15734272]), 'recall': array([0.25740958, 0.56538195]), 'ndcg': array([0.45904278, 0.66157869]), 'auc': array([0.])}
2024-10-19 18:11:34,479 - root - INFO - EPOCH[79/150] all_loss: 0.091 | time cost---Sampling: 0.15s--| 
2024-10-19 18:11:42,290 - root - INFO - [testing at epoch-79]
2024-10-19 18:11:42,290 - root - INFO - {'precision': array([0.30260762, 0.15726821]), 'recall': array([0.2570367 , 0.56550014]), 'ndcg': array([0.4590277 , 0.66164057]), 'auc': array([0.])}
2024-10-19 18:11:42,291 - root - INFO - EPOCH[80/150] all_loss: 0.091 | time cost---Sampling: 0.13s--| 
2024-10-19 18:11:50,109 - root - INFO - [testing at epoch-80]
2024-10-19 18:11:50,109 - root - INFO - {'precision': array([0.30410596, 0.15805132]), 'recall': array([0.2581055 , 0.56675407]), 'ndcg': array([0.46053912, 0.66251279]), 'auc': array([0.])}
2024-10-19 18:11:50,110 - root - INFO - EPOCH[81/150] all_loss: 0.090 | time cost---Sampling: 0.15s--| 
2024-10-19 18:11:50,110 - root - INFO - Summary at recall = 0.2581055021627319
2024-10-19 18:11:57,998 - root - INFO - [testing at epoch-81]
2024-10-19 18:11:57,999 - root - INFO - {'precision': array([0.30393212, 0.15780629]), 'recall': array([0.25835604, 0.5659539 ]), 'ndcg': array([0.46115586, 0.6629879 ]), 'auc': array([0.])}
2024-10-19 18:11:57,999 - root - INFO - EPOCH[82/150] all_loss: 0.089 | time cost---Sampling: 0.15s--| 
2024-10-19 18:11:58,000 - root - INFO - Summary at recall = 0.2583560372405426
2024-10-19 18:12:05,841 - root - INFO - [testing at epoch-82]
2024-10-19 18:12:05,841 - root - INFO - {'precision': array([0.30376656, 0.15772517]), 'recall': array([0.25862391, 0.56663059]), 'ndcg': array([0.46044992, 0.66243853]), 'auc': array([0.])}
2024-10-19 18:12:05,842 - root - INFO - EPOCH[83/150] all_loss: 0.089 | time cost---Sampling: 0.14s--| 
2024-10-19 18:12:05,843 - root - INFO - Summary at recall = 0.2586239064640894
2024-10-19 18:12:13,671 - root - INFO - [testing at epoch-83]
2024-10-19 18:12:13,671 - root - INFO - {'precision': array([0.3064404 , 0.15896026]), 'recall': array([0.2597767 , 0.56828662]), 'ndcg': array([0.46277432, 0.6635549 ]), 'auc': array([0.])}
2024-10-19 18:12:13,672 - root - INFO - EPOCH[84/150] all_loss: 0.088 | time cost---Sampling: 0.14s--| 
2024-10-19 18:12:13,672 - root - INFO - Summary at recall = 0.2597767027083168
2024-10-19 18:12:21,501 - root - INFO - [testing at epoch-84]
2024-10-19 18:12:21,501 - root - INFO - {'precision': array([0.3057947 , 0.15888742]), 'recall': array([0.2597317 , 0.56914991]), 'ndcg': array([0.461867  , 0.66329693]), 'auc': array([0.])}
2024-10-19 18:12:21,502 - root - INFO - EPOCH[85/150] all_loss: 0.087 | time cost---Sampling: 0.15s--| 
2024-10-19 18:12:29,398 - root - INFO - [testing at epoch-85]
2024-10-19 18:12:29,399 - root - INFO - {'precision': array([0.30609272, 0.15874338]), 'recall': array([0.26011124, 0.56889972]), 'ndcg': array([0.46245713, 0.66356267]), 'auc': array([0.])}
2024-10-19 18:12:29,400 - root - INFO - EPOCH[86/150] all_loss: 0.086 | time cost---Sampling: 0.15s--| 
2024-10-19 18:12:29,400 - root - INFO - Summary at recall = 0.260111235888818
2024-10-19 18:12:37,338 - root - INFO - [testing at epoch-86]
2024-10-19 18:12:37,338 - root - INFO - {'precision': array([0.30576987, 0.15859934]), 'recall': array([0.26031631, 0.5688191 ]), 'ndcg': array([0.46220288, 0.66362536]), 'auc': array([0.])}
2024-10-19 18:12:37,339 - root - INFO - EPOCH[87/150] all_loss: 0.086 | time cost---Sampling: 0.15s--| 
2024-10-19 18:12:37,339 - root - INFO - Summary at recall = 0.2603163066186811
2024-10-19 18:12:45,220 - root - INFO - [testing at epoch-87]
2024-10-19 18:12:45,220 - root - INFO - {'precision': array([0.30675497, 0.1589553 ]), 'recall': array([0.26092686, 0.56961258]), 'ndcg': array([0.46338979, 0.66422782]), 'auc': array([0.])}
2024-10-19 18:12:45,221 - root - INFO - EPOCH[88/150] all_loss: 0.085 | time cost---Sampling: 0.14s--| 
2024-10-19 18:12:45,221 - root - INFO - Summary at recall = 0.26092685539741106
2024-10-19 18:12:53,124 - root - INFO - [testing at epoch-88]
2024-10-19 18:12:53,124 - root - INFO - {'precision': array([0.30730132, 0.15879139]), 'recall': array([0.26178819, 0.56952544]), 'ndcg': array([0.46437697, 0.66465916]), 'auc': array([0.])}
2024-10-19 18:12:53,125 - root - INFO - EPOCH[89/150] all_loss: 0.085 | time cost---Sampling: 0.14s--| 
2024-10-19 18:12:53,125 - root - INFO - Summary at recall = 0.26178818671992526
2024-10-19 18:13:00,995 - root - INFO - [testing at epoch-89]
2024-10-19 18:13:00,996 - root - INFO - {'precision': array([0.30649834, 0.15888079]), 'recall': array([0.26113818, 0.57007401]), 'ndcg': array([0.46281947, 0.66414503]), 'auc': array([0.])}
2024-10-19 18:13:00,997 - root - INFO - EPOCH[90/150] all_loss: 0.084 | time cost---Sampling: 0.14s--| 
2024-10-19 18:13:08,456 - root - INFO - [testing at epoch-90]
2024-10-19 18:13:08,456 - root - INFO - {'precision': array([0.30772351, 0.15924669]), 'recall': array([0.2622894 , 0.57045936]), 'ndcg': array([0.46452097, 0.66487842]), 'auc': array([0.])}
2024-10-19 18:13:08,457 - root - INFO - EPOCH[91/150] all_loss: 0.084 | time cost---Sampling: 0.15s--| 
2024-10-19 18:13:08,457 - root - INFO - Summary at recall = 0.2622894037360183
2024-10-19 18:13:16,317 - root - INFO - [testing at epoch-91]
2024-10-19 18:13:16,317 - root - INFO - {'precision': array([0.30721854, 0.15909934]), 'recall': array([0.26152646, 0.57027484]), 'ndcg': array([0.4640696 , 0.66485266]), 'auc': array([0.])}
2024-10-19 18:13:16,318 - root - INFO - EPOCH[92/150] all_loss: 0.083 | time cost---Sampling: 0.15s--| 
2024-10-19 18:13:24,154 - root - INFO - [testing at epoch-92]
2024-10-19 18:13:24,154 - root - INFO - {'precision': array([0.30619205, 0.15859272]), 'recall': array([0.26194379, 0.57005266]), 'ndcg': array([0.46285795, 0.66406518]), 'auc': array([0.])}
2024-10-19 18:13:24,155 - root - INFO - EPOCH[93/150] all_loss: 0.083 | time cost---Sampling: 0.15s--| 
2024-10-19 18:13:31,966 - root - INFO - [testing at epoch-93]
2024-10-19 18:13:31,966 - root - INFO - {'precision': array([0.30791391, 0.15929636]), 'recall': array([0.26234444, 0.57136802]), 'ndcg': array([0.46461056, 0.66520473]), 'auc': array([0.])}
2024-10-19 18:13:31,967 - root - INFO - EPOCH[94/150] all_loss: 0.082 | time cost---Sampling: 0.15s--| 
2024-10-19 18:13:31,967 - root - INFO - Summary at recall = 0.26234443500605137
2024-10-19 18:13:39,792 - root - INFO - [testing at epoch-94]
2024-10-19 18:13:39,792 - root - INFO - {'precision': array([0.3084106 , 0.15978808]), 'recall': array([0.26273551, 0.57254128]), 'ndcg': array([0.46553749, 0.66600662]), 'auc': array([0.])}
2024-10-19 18:13:39,793 - root - INFO - EPOCH[95/150] all_loss: 0.081 | time cost---Sampling: 0.14s--| 
2024-10-19 18:13:39,793 - root - INFO - Summary at recall = 0.2627355124080205
2024-10-19 18:13:47,649 - root - INFO - [testing at epoch-95]
2024-10-19 18:13:47,650 - root - INFO - {'precision': array([0.30623344, 0.15904967]), 'recall': array([0.26212965, 0.57169495]), 'ndcg': array([0.46300207, 0.66472128]), 'auc': array([0.])}
2024-10-19 18:13:47,651 - root - INFO - EPOCH[96/150] all_loss: 0.081 | time cost---Sampling: 0.14s--| 
2024-10-19 18:13:55,477 - root - INFO - [testing at epoch-96]
2024-10-19 18:13:55,478 - root - INFO - {'precision': array([0.30687086, 0.15920861]), 'recall': array([0.26238133, 0.5723681 ]), 'ndcg': array([0.46318013, 0.66479387]), 'auc': array([0.])}
2024-10-19 18:13:55,478 - root - INFO - EPOCH[97/150] all_loss: 0.080 | time cost---Sampling: 0.15s--| 
2024-10-19 18:14:03,313 - root - INFO - [testing at epoch-97]
2024-10-19 18:14:03,313 - root - INFO - {'precision': array([0.3068957 , 0.15914238]), 'recall': array([0.26222358, 0.57211586]), 'ndcg': array([0.46326992, 0.66474292]), 'auc': array([0.])}
2024-10-19 18:14:03,314 - root - INFO - EPOCH[98/150] all_loss: 0.080 | time cost---Sampling: 0.15s--| 
2024-10-19 18:14:10,979 - root - INFO - [testing at epoch-98]
2024-10-19 18:14:10,979 - root - INFO - {'precision': array([0.3085596 , 0.15999338]), 'recall': array([0.26301498, 0.57378167]), 'ndcg': array([0.46491835, 0.66560482]), 'auc': array([0.])}
2024-10-19 18:14:10,979 - root - INFO - EPOCH[99/150] all_loss: 0.080 | time cost---Sampling: 0.15s--| 
2024-10-19 18:14:10,980 - root - INFO - Summary at recall = 0.2630149754787666
2024-10-19 18:14:18,559 - root - INFO - [testing at epoch-99]
2024-10-19 18:14:18,559 - root - INFO - {'precision': array([0.30786424, 0.15955795]), 'recall': array([0.26328346, 0.57309598]), 'ndcg': array([0.46457503, 0.66548674]), 'auc': array([0.])}
2024-10-19 18:14:18,560 - root - INFO - EPOCH[100/150] all_loss: 0.079 | time cost---Sampling: 0.11s--| 
2024-10-19 18:14:18,560 - root - INFO - Summary at recall = 0.26328345749259
2024-10-19 18:14:26,179 - root - INFO - [testing at epoch-100]
2024-10-19 18:14:26,180 - root - INFO - {'precision': array([0.30750828, 0.15953642]), 'recall': array([0.2628807 , 0.57304997]), 'ndcg': array([0.46410219, 0.66541601]), 'auc': array([0.])}
2024-10-19 18:14:26,181 - root - INFO - EPOCH[101/150] all_loss: 0.078 | time cost---Sampling: 0.15s--| 
2024-10-19 18:14:34,029 - root - INFO - [testing at epoch-101]
2024-10-19 18:14:34,029 - root - INFO - {'precision': array([0.30833609, 0.15984106]), 'recall': array([0.26340253, 0.57393606]), 'ndcg': array([0.46523386, 0.66613208]), 'auc': array([0.])}
2024-10-19 18:14:34,030 - root - INFO - EPOCH[102/150] all_loss: 0.078 | time cost---Sampling: 0.15s--| 
2024-10-19 18:14:34,030 - root - INFO - Summary at recall = 0.26340252722882523
2024-10-19 18:14:41,446 - root - INFO - [testing at epoch-102]
2024-10-19 18:14:41,446 - root - INFO - {'precision': array([0.30986755, 0.16037086]), 'recall': array([0.26427476, 0.57459731]), 'ndcg': array([0.46677938, 0.66673809]), 'auc': array([0.])}
2024-10-19 18:14:41,447 - root - INFO - EPOCH[103/150] all_loss: 0.078 | time cost---Sampling: 0.14s--| 
2024-10-19 18:14:41,447 - root - INFO - Summary at recall = 0.26427475722460664
2024-10-19 18:14:49,320 - root - INFO - [testing at epoch-103]
2024-10-19 18:14:49,320 - root - INFO - {'precision': array([0.30842715, 0.15979967]), 'recall': array([0.26358682, 0.57406087]), 'ndcg': array([0.4655579 , 0.66637485]), 'auc': array([0.])}
2024-10-19 18:14:49,321 - root - INFO - EPOCH[104/150] all_loss: 0.077 | time cost---Sampling: 0.14s--| 
2024-10-19 18:14:56,582 - root - INFO - [testing at epoch-104]
2024-10-19 18:14:56,582 - root - INFO - {'precision': array([0.30858444, 0.15992715]), 'recall': array([0.26358499, 0.57391038]), 'ndcg': array([0.46509121, 0.66603695]), 'auc': array([0.])}
2024-10-19 18:14:56,583 - root - INFO - EPOCH[105/150] all_loss: 0.076 | time cost---Sampling: 0.15s--| 
2024-10-19 18:15:04,383 - root - INFO - [testing at epoch-105]
2024-10-19 18:15:04,383 - root - INFO - {'precision': array([0.3088245 , 0.16009603]), 'recall': array([0.26385471, 0.57464666]), 'ndcg': array([0.46537504, 0.66628382]), 'auc': array([0.])}
2024-10-19 18:15:04,384 - root - INFO - EPOCH[106/150] all_loss: 0.076 | time cost---Sampling: 0.15s--| 
2024-10-19 18:15:12,238 - root - INFO - [testing at epoch-106]
2024-10-19 18:15:12,238 - root - INFO - {'precision': array([0.30812086, 0.15972351]), 'recall': array([0.26372182, 0.57439171]), 'ndcg': array([0.46528514, 0.66649939]), 'auc': array([0.])}
2024-10-19 18:15:12,239 - root - INFO - EPOCH[107/150] all_loss: 0.076 | time cost---Sampling: 0.16s--| 
2024-10-19 18:15:19,860 - root - INFO - [testing at epoch-107]
2024-10-19 18:15:19,860 - root - INFO - {'precision': array([0.3102649 , 0.16088576]), 'recall': array([0.26459207, 0.5754954 ]), 'ndcg': array([0.46727979, 0.66762425]), 'auc': array([0.])}
2024-10-19 18:15:19,861 - root - INFO - EPOCH[108/150] all_loss: 0.075 | time cost---Sampling: 0.15s--| 
2024-10-19 18:15:19,861 - root - INFO - Summary at recall = 0.2645920674498897
2024-10-19 18:15:27,699 - root - INFO - [testing at epoch-108]
2024-10-19 18:15:27,699 - root - INFO - {'precision': array([0.30803808, 0.16001159]), 'recall': array([0.26377475, 0.5747054 ]), 'ndcg': array([0.46496916, 0.66638482]), 'auc': array([0.])}
2024-10-19 18:15:27,700 - root - INFO - EPOCH[109/150] all_loss: 0.075 | time cost---Sampling: 0.14s--| 
2024-10-19 18:15:35,520 - root - INFO - [testing at epoch-109]
2024-10-19 18:15:35,520 - root - INFO - {'precision': array([0.30821192, 0.16003808]), 'recall': array([0.26393541, 0.57510364]), 'ndcg': array([0.46521399, 0.66666316]), 'auc': array([0.])}
2024-10-19 18:15:35,521 - root - INFO - EPOCH[110/150] all_loss: 0.074 | time cost---Sampling: 0.15s--| 
2024-10-19 18:15:43,387 - root - INFO - [testing at epoch-110]
2024-10-19 18:15:43,388 - root - INFO - {'precision': array([0.30895695, 0.16036589]), 'recall': array([0.26417591, 0.57549525]), 'ndcg': array([0.46598306, 0.66711817]), 'auc': array([0.])}
2024-10-19 18:15:43,388 - root - INFO - EPOCH[111/150] all_loss: 0.074 | time cost---Sampling: 0.15s--| 
2024-10-19 18:15:51,204 - root - INFO - [testing at epoch-111]
2024-10-19 18:15:51,205 - root - INFO - {'precision': array([0.30903974, 0.16049669]), 'recall': array([0.26422049, 0.57575066]), 'ndcg': array([0.46624481, 0.66741853]), 'auc': array([0.])}
2024-10-19 18:15:51,206 - root - INFO - EPOCH[112/150] all_loss: 0.073 | time cost---Sampling: 0.15s--| 
2024-10-19 18:15:58,918 - root - INFO - [testing at epoch-112]
2024-10-19 18:15:58,918 - root - INFO - {'precision': array([0.30956954, 0.16091887]), 'recall': array([0.26430729, 0.57632292]), 'ndcg': array([0.46667188, 0.66768619]), 'auc': array([0.])}
2024-10-19 18:15:58,919 - root - INFO - EPOCH[113/150] all_loss: 0.073 | time cost---Sampling: 0.15s--| 
2024-10-19 18:16:06,598 - root - INFO - [testing at epoch-113]
2024-10-19 18:16:06,598 - root - INFO - {'precision': array([0.30857616, 0.16020695]), 'recall': array([0.26395252, 0.57559389]), 'ndcg': array([0.46505106, 0.6666561 ]), 'auc': array([0.])}
2024-10-19 18:16:06,599 - root - INFO - EPOCH[114/150] all_loss: 0.072 | time cost---Sampling: 0.15s--| 
2024-10-19 18:16:14,201 - root - INFO - [testing at epoch-114]
2024-10-19 18:16:14,202 - root - INFO - {'precision': array([0.30851821, 0.16045033]), 'recall': array([0.26383267, 0.57566507]), 'ndcg': array([0.46544525, 0.66712655]), 'auc': array([0.])}
2024-10-19 18:16:14,203 - root - INFO - EPOCH[115/150] all_loss: 0.072 | time cost---Sampling: 0.14s--| 
2024-10-19 18:16:21,890 - root - INFO - [testing at epoch-115]
2024-10-19 18:16:21,890 - root - INFO - {'precision': array([0.30880795, 0.16049503]), 'recall': array([0.26365628, 0.57588554]), 'ndcg': array([0.46529789, 0.66697141]), 'auc': array([0.])}
2024-10-19 18:16:21,891 - root - INFO - EPOCH[116/150] all_loss: 0.072 | time cost---Sampling: 0.15s--| 
2024-10-19 18:16:29,553 - root - INFO - [testing at epoch-116]
2024-10-19 18:16:29,553 - root - INFO - {'precision': array([0.30948675, 0.16071523]), 'recall': array([0.26487142, 0.5762484 ]), 'ndcg': array([0.46648924, 0.66753274]), 'auc': array([0.])}
2024-10-19 18:16:29,554 - root - INFO - EPOCH[117/150] all_loss: 0.071 | time cost---Sampling: 0.15s--| 
2024-10-19 18:16:29,554 - root - INFO - Summary at recall = 0.264871418850622
2024-10-19 18:16:37,205 - root - INFO - [testing at epoch-117]
2024-10-19 18:16:37,205 - root - INFO - {'precision': array([0.30780629, 0.1600596 ]), 'recall': array([0.26450463, 0.57539094]), 'ndcg': array([0.46453486, 0.66645116]), 'auc': array([0.])}
2024-10-19 18:16:37,206 - root - INFO - EPOCH[118/150] all_loss: 0.071 | time cost---Sampling: 0.14s--| 
2024-10-19 18:16:44,937 - root - INFO - [testing at epoch-118]
2024-10-19 18:16:44,937 - root - INFO - {'precision': array([0.3098096 , 0.16077152]), 'recall': array([0.26549034, 0.57633003]), 'ndcg': array([0.46654571, 0.66716439]), 'auc': array([0.])}
2024-10-19 18:16:44,938 - root - INFO - EPOCH[119/150] all_loss: 0.070 | time cost---Sampling: 0.15s--| 
2024-10-19 18:16:44,938 - root - INFO - Summary at recall = 0.26549034091161694
2024-10-19 18:16:52,569 - root - INFO - [testing at epoch-119]
2024-10-19 18:16:52,570 - root - INFO - {'precision': array([0.30886589, 0.16028146]), 'recall': array([0.26523914, 0.57592389]), 'ndcg': array([0.46548167, 0.66665347]), 'auc': array([0.])}
2024-10-19 18:16:52,570 - root - INFO - EPOCH[120/150] all_loss: 0.070 | time cost---Sampling: 0.15s--| 
2024-10-19 18:17:00,322 - root - INFO - [testing at epoch-120]
2024-10-19 18:17:00,322 - root - INFO - {'precision': array([0.30944536, 0.16096026]), 'recall': array([0.26472772, 0.57682601]), 'ndcg': array([0.46646294, 0.66770115]), 'auc': array([0.])}
2024-10-19 18:17:00,323 - root - INFO - EPOCH[121/150] all_loss: 0.070 | time cost---Sampling: 0.14s--| 
2024-10-19 18:17:07,993 - root - INFO - [testing at epoch-121]
2024-10-19 18:17:07,993 - root - INFO - {'precision': array([0.3082202 , 0.16048344]), 'recall': array([0.26467795, 0.57648487]), 'ndcg': array([0.46517592, 0.66706114]), 'auc': array([0.])}
2024-10-19 18:17:07,994 - root - INFO - EPOCH[122/150] all_loss: 0.069 | time cost---Sampling: 0.15s--| 
2024-10-19 18:17:15,835 - root - INFO - [testing at epoch-122]
2024-10-19 18:17:15,836 - root - INFO - {'precision': array([0.30844371, 0.1605    ]), 'recall': array([0.26471925, 0.57616495]), 'ndcg': array([0.46546208, 0.66701282]), 'auc': array([0.])}
2024-10-19 18:17:15,837 - root - INFO - EPOCH[123/150] all_loss: 0.069 | time cost---Sampling: 0.14s--| 
2024-10-19 18:17:23,544 - root - INFO - [testing at epoch-123]
2024-10-19 18:17:23,544 - root - INFO - {'precision': array([0.31087748, 0.1612649 ]), 'recall': array([0.26566645, 0.57711204]), 'ndcg': array([0.46825727, 0.66846681]), 'auc': array([0.])}
2024-10-19 18:17:23,545 - root - INFO - EPOCH[124/150] all_loss: 0.069 | time cost---Sampling: 0.15s--| 
2024-10-19 18:17:23,546 - root - INFO - Summary at recall = 0.2656664532773357
2024-10-19 18:17:31,235 - root - INFO - [testing at epoch-124]
2024-10-19 18:17:31,235 - root - INFO - {'precision': array([0.31048013, 0.16122185]), 'recall': array([0.26531083, 0.5771564 ]), 'ndcg': array([0.4667526 , 0.66738227]), 'auc': array([0.])}
2024-10-19 18:17:31,236 - root - INFO - EPOCH[125/150] all_loss: 0.068 | time cost---Sampling: 0.15s--| 
2024-10-19 18:17:38,902 - root - INFO - [testing at epoch-125]
2024-10-19 18:17:38,902 - root - INFO - {'precision': array([0.30929636, 0.16063576]), 'recall': array([0.26471695, 0.5766813 ]), 'ndcg': array([0.46565814, 0.66703606]), 'auc': array([0.])}
2024-10-19 18:17:38,903 - root - INFO - EPOCH[126/150] all_loss: 0.068 | time cost---Sampling: 0.15s--| 
2024-10-19 18:17:46,572 - root - INFO - [testing at epoch-126]
2024-10-19 18:17:46,572 - root - INFO - {'precision': array([0.30932947, 0.16059106]), 'recall': array([0.265258  , 0.57654951]), 'ndcg': array([0.46534967, 0.66655927]), 'auc': array([0.])}
2024-10-19 18:17:46,573 - root - INFO - EPOCH[127/150] all_loss: 0.067 | time cost---Sampling: 0.15s--| 
2024-10-19 18:17:54,275 - root - INFO - [testing at epoch-127]
2024-10-19 18:17:54,275 - root - INFO - {'precision': array([0.31017384, 0.16115728]), 'recall': array([0.2656807 , 0.57750179]), 'ndcg': array([0.46679855, 0.6677513 ]), 'auc': array([0.])}
2024-10-19 18:17:54,276 - root - INFO - EPOCH[128/150] all_loss: 0.067 | time cost---Sampling: 0.15s--| 
2024-10-19 18:17:54,276 - root - INFO - Summary at recall = 0.26568069620855883
2024-10-19 18:18:01,920 - root - INFO - [testing at epoch-128]
2024-10-19 18:18:01,920 - root - INFO - {'precision': array([0.3101904 , 0.16092384]), 'recall': array([0.2656717 , 0.57704947]), 'ndcg': array([0.4664308, 0.6672801]), 'auc': array([0.])}
2024-10-19 18:18:01,921 - root - INFO - EPOCH[129/150] all_loss: 0.066 | time cost---Sampling: 0.14s--| 
2024-10-19 18:18:09,740 - root - INFO - [testing at epoch-129]
2024-10-19 18:18:09,740 - root - INFO - {'precision': array([0.30845199, 0.16022848]), 'recall': array([0.26506031, 0.5759958 ]), 'ndcg': array([0.46510112, 0.66680397]), 'auc': array([0.])}
2024-10-19 18:18:09,741 - root - INFO - EPOCH[130/150] all_loss: 0.066 | time cost---Sampling: 0.14s--| 
2024-10-19 18:18:17,583 - root - INFO - [testing at epoch-130]
2024-10-19 18:18:17,583 - root - INFO - {'precision': array([0.30959437, 0.16087086]), 'recall': array([0.26552812, 0.57663738]), 'ndcg': array([0.46611637, 0.66707136]), 'auc': array([0.])}
2024-10-19 18:18:17,584 - root - INFO - EPOCH[131/150] all_loss: 0.066 | time cost---Sampling: 0.15s--| 
2024-10-19 18:18:25,437 - root - INFO - [testing at epoch-131]
2024-10-19 18:18:25,437 - root - INFO - {'precision': array([0.31114238, 0.16142053]), 'recall': array([0.26660604, 0.57777196]), 'ndcg': array([0.46813702, 0.6683015 ]), 'auc': array([0.])}
2024-10-19 18:18:25,438 - root - INFO - EPOCH[132/150] all_loss: 0.065 | time cost---Sampling: 0.16s--| 
2024-10-19 18:18:25,438 - root - INFO - Summary at recall = 0.2666060430176842
2024-10-19 18:18:33,251 - root - INFO - [testing at epoch-132]
2024-10-19 18:18:33,251 - root - INFO - {'precision': array([0.30986755, 0.16101987]), 'recall': array([0.26549292, 0.57688879]), 'ndcg': array([0.46651844, 0.66753556]), 'auc': array([0.])}
2024-10-19 18:18:33,252 - root - INFO - EPOCH[133/150] all_loss: 0.065 | time cost---Sampling: 0.15s--| 
2024-10-19 18:18:41,014 - root - INFO - [testing at epoch-133]
2024-10-19 18:18:41,014 - root - INFO - {'precision': array([0.30957781, 0.16092053]), 'recall': array([0.26544338, 0.5768883 ]), 'ndcg': array([0.46613353, 0.66726566]), 'auc': array([0.])}
2024-10-19 18:18:41,015 - root - INFO - EPOCH[134/150] all_loss: 0.065 | time cost---Sampling: 0.15s--| 
2024-10-19 18:18:48,349 - root - INFO - [testing at epoch-134]
2024-10-19 18:18:48,349 - root - INFO - {'precision': array([0.31050497, 0.16131788]), 'recall': array([0.265766  , 0.57773097]), 'ndcg': array([0.46737774, 0.66821059]), 'auc': array([0.])}
2024-10-19 18:18:48,350 - root - INFO - EPOCH[135/150] all_loss: 0.064 | time cost---Sampling: 0.15s--| 
2024-10-19 18:18:56,082 - root - INFO - [testing at epoch-135]
2024-10-19 18:18:56,082 - root - INFO - {'precision': array([0.30916391, 0.16096026]), 'recall': array([0.26519543, 0.57692615]), 'ndcg': array([0.46587166, 0.66737587]), 'auc': array([0.])}
2024-10-19 18:18:56,083 - root - INFO - EPOCH[136/150] all_loss: 0.064 | time cost---Sampling: 0.14s--| 
2024-10-19 18:19:03,854 - root - INFO - [testing at epoch-136]
2024-10-19 18:19:03,854 - root - INFO - {'precision': array([0.30961921, 0.1609106 ]), 'recall': array([0.26551311, 0.57717457]), 'ndcg': array([0.46643679, 0.66764712]), 'auc': array([0.])}
2024-10-19 18:19:03,855 - root - INFO - EPOCH[137/150] all_loss: 0.064 | time cost---Sampling: 0.15s--| 
2024-10-19 18:19:11,725 - root - INFO - [testing at epoch-137]
2024-10-19 18:19:11,725 - root - INFO - {'precision': array([0.30956126, 0.16114735]), 'recall': array([0.26531445, 0.57710582]), 'ndcg': array([0.46627186, 0.66754219]), 'auc': array([0.])}
2024-10-19 18:19:11,726 - root - INFO - EPOCH[138/150] all_loss: 0.063 | time cost---Sampling: 0.14s--| 
2024-10-19 18:19:18,792 - root - INFO - [testing at epoch-138]
2024-10-19 18:19:18,792 - root - INFO - {'precision': array([0.31062914, 0.16120199]), 'recall': array([0.26583715, 0.57708637]), 'ndcg': array([0.46746251, 0.66801746]), 'auc': array([0.])}
2024-10-19 18:19:18,793 - root - INFO - EPOCH[139/150] all_loss: 0.063 | time cost---Sampling: 0.15s--| 
2024-10-19 18:19:26,334 - root - INFO - [testing at epoch-139]
2024-10-19 18:19:26,334 - root - INFO - {'precision': array([0.3084851 , 0.16020861]), 'recall': array([0.26512747, 0.57572405]), 'ndcg': array([0.46527715, 0.66674708]), 'auc': array([0.])}
2024-10-19 18:19:26,335 - root - INFO - EPOCH[140/150] all_loss: 0.063 | time cost---Sampling: 0.12s--| 
2024-10-19 18:19:34,196 - root - INFO - [testing at epoch-140]
2024-10-19 18:19:34,196 - root - INFO - {'precision': array([0.30943709, 0.16052483]), 'recall': array([0.26544832, 0.57564235]), 'ndcg': array([0.46708006, 0.66785217]), 'auc': array([0.])}
2024-10-19 18:19:34,197 - root - INFO - EPOCH[141/150] all_loss: 0.063 | time cost---Sampling: 0.15s--| 
2024-10-19 18:19:42,080 - root - INFO - [testing at epoch-141]
2024-10-19 18:19:42,080 - root - INFO - {'precision': array([0.30996689, 0.16064735]), 'recall': array([0.26601745, 0.57543919]), 'ndcg': array([0.46708305, 0.66731278]), 'auc': array([0.])}
2024-10-19 18:19:42,081 - root - INFO - EPOCH[142/150] all_loss: 0.062 | time cost---Sampling: 0.14s--| 
2024-10-19 18:19:49,735 - root - INFO - [testing at epoch-142]
2024-10-19 18:19:49,735 - root - INFO - {'precision': array([0.30923841, 0.16055298]), 'recall': array([0.26551131, 0.57562459]), 'ndcg': array([0.46604835, 0.66683689]), 'auc': array([0.])}
2024-10-19 18:19:49,736 - root - INFO - EPOCH[143/150] all_loss: 0.062 | time cost---Sampling: 0.15s--| 
2024-10-19 18:19:57,248 - root - INFO - [testing at epoch-143]
2024-10-19 18:19:57,248 - root - INFO - {'precision': array([0.30897351, 0.16058609]), 'recall': array([0.26574674, 0.5755349 ]), 'ndcg': array([0.4660189 , 0.66677753]), 'auc': array([0.])}
2024-10-19 18:19:57,249 - root - INFO - EPOCH[144/150] all_loss: 0.061 | time cost---Sampling: 0.14s--| 
2024-10-19 18:20:05,020 - root - INFO - [testing at epoch-144]
2024-10-19 18:20:05,020 - root - INFO - {'precision': array([0.30972682, 0.16103974]), 'recall': array([0.26542923, 0.5760476 ]), 'ndcg': array([0.46654337, 0.66719255]), 'auc': array([0.])}
2024-10-19 18:20:05,021 - root - INFO - EPOCH[145/150] all_loss: 0.061 | time cost---Sampling: 0.14s--| 
2024-10-19 18:20:12,891 - root - INFO - [testing at epoch-145]
2024-10-19 18:20:12,891 - root - INFO - {'precision': array([0.30707781, 0.15944702]), 'recall': array([0.26459545, 0.57382506]), 'ndcg': array([0.46424957, 0.66595972]), 'auc': array([0.])}
2024-10-19 18:20:12,892 - root - INFO - EPOCH[146/150] all_loss: 0.062 | time cost---Sampling: 0.15s--| 
2024-10-19 18:20:20,158 - root - INFO - [testing at epoch-146]
2024-10-19 18:20:20,158 - root - INFO - {'precision': array([0.30756623, 0.15988079]), 'recall': array([0.26459836, 0.57468259]), 'ndcg': array([0.464532, 0.666356]), 'auc': array([0.])}
2024-10-19 18:20:20,159 - root - INFO - EPOCH[147/150] all_loss: 0.061 | time cost---Sampling: 0.15s--| 
2024-10-19 18:20:27,971 - root - INFO - [testing at epoch-147]
2024-10-19 18:20:27,971 - root - INFO - {'precision': array([0.30969371, 0.16089735]), 'recall': array([0.2659302 , 0.57581386]), 'ndcg': array([0.4668378 , 0.66733004]), 'auc': array([0.])}
2024-10-19 18:20:27,972 - root - INFO - EPOCH[148/150] all_loss: 0.060 | time cost---Sampling: 0.15s--| 
2024-10-19 18:20:35,780 - root - INFO - [testing at epoch-148]
2024-10-19 18:20:35,780 - root - INFO - {'precision': array([0.30916391, 0.16106126]), 'recall': array([0.26512168, 0.57610666]), 'ndcg': array([0.46606534, 0.6671087 ]), 'auc': array([0.])}
2024-10-19 18:20:35,781 - root - INFO - EPOCH[149/150] all_loss: 0.060 | time cost---Sampling: 0.14s--| 
2024-10-19 18:20:43,578 - root - INFO - [testing at epoch-149]
2024-10-19 18:20:43,578 - root - INFO - {'precision': array([0.30775662, 0.16018874]), 'recall': array([0.2647844 , 0.57455155]), 'ndcg': array([0.46494724, 0.66629901]), 'auc': array([0.])}
2024-10-19 18:20:43,579 - root - INFO - EPOCH[150/150] all_loss: 0.060 | time cost---Sampling: 0.15s--| 
